This is pdfTeX, Version 3.141592653-2.6-1.40.23 (TeX Live 2022/dev) (preloaded format=pdflatex 2021.12.4)  5 DEC 2021 16:17
entering extended mode
 restricted \write18 enabled.
 %&-line parsing enabled.
**bda_project.tex
(./bda_project.tex
LaTeX2e <2021-11-15>
L3 programming layer <2021-11-22> (/Users/ashok/Library/TinyTeX/texmf-dist/tex/
latex/base/article.cls
Document Class: article 2021/10/04 v1.4n Standard LaTeX document class
(/Users/ashok/Library/TinyTeX/texmf-dist/tex/latex/base/size10.clo
File: size10.clo 2021/10/04 v1.4n Standard LaTeX file (size option)
)
\c@part=\count183
\c@section=\count184
\c@subsection=\count185
\c@subsubsection=\count186
\c@paragraph=\count187
\c@subparagraph=\count188
\c@figure=\count189
\c@table=\count190
\abovecaptionskip=\skip47
\belowcaptionskip=\skip48
\bibindent=\dimen138
) (/Users/ashok/Library/TinyTeX/texmf-dist/tex/latex/amsmath/amsmath.sty
Package: amsmath 2021/10/15 v2.17l AMS math features
\@mathmargin=\skip49
For additional information on amsmath, use the `?' option.
(/Users/ashok/Library/TinyTeX/texmf-dist/tex/latex/amsmath/amstext.sty
Package: amstext 2021/08/26 v2.01 AMS text
(/Users/ashok/Library/TinyTeX/texmf-dist/tex/latex/amsmath/amsgen.sty
File: amsgen.sty 1999/11/30 v2.0 generic functions
\@emptytoks=\toks16
\ex@=\dimen139
)) (/Users/ashok/Library/TinyTeX/texmf-dist/tex/latex/amsmath/amsbsy.sty
Package: amsbsy 1999/11/29 v1.2d Bold Symbols
\pmbraise@=\dimen140
) (/Users/ashok/Library/TinyTeX/texmf-dist/tex/latex/amsmath/amsopn.sty
Package: amsopn 2021/08/26 v2.02 operator names
)
\inf@bad=\count191
LaTeX Info: Redefining \frac on input line 234.
\uproot@=\count192
\leftroot@=\count193
LaTeX Info: Redefining \overline on input line 399.
\classnum@=\count194
\DOTSCASE@=\count195
LaTeX Info: Redefining \ldots on input line 496.
LaTeX Info: Redefining \dots on input line 499.
LaTeX Info: Redefining \cdots on input line 620.
\Mathstrutbox@=\box50
\strutbox@=\box51
\big@size=\dimen141
LaTeX Font Info:    Redeclaring font encoding OML on input line 743.
LaTeX Font Info:    Redeclaring font encoding OMS on input line 744.
\macc@depth=\count196
\c@MaxMatrixCols=\count197
\dotsspace@=\muskip16
\c@parentequation=\count198
\dspbrk@lvl=\count199
\tag@help=\toks17
\row@=\count266
\column@=\count267
\maxfields@=\count268
\andhelp@=\toks18
\eqnshift@=\dimen142
\alignsep@=\dimen143
\tagshift@=\dimen144
\tagwidth@=\dimen145
\totwidth@=\dimen146
\lineht@=\dimen147
\@envbody=\toks19
\multlinegap=\skip50
\multlinetaggap=\skip51
\mathdisplay@stack=\toks20
LaTeX Info: Redefining \[ on input line 2938.
LaTeX Info: Redefining \] on input line 2939.
) (/Users/ashok/Library/TinyTeX/texmf-dist/tex/latex/amsfonts/amssymb.sty
Package: amssymb 2013/01/14 v3.01 AMS font symbols
(/Users/ashok/Library/TinyTeX/texmf-dist/tex/latex/amsfonts/amsfonts.sty
Package: amsfonts 2013/01/14 v3.01 Basic AMSFonts support
\symAMSa=\mathgroup4
\symAMSb=\mathgroup5
LaTeX Font Info:    Redeclaring math symbol \hbar on input line 98.
LaTeX Font Info:    Overwriting math alphabet `\mathfrak' in version `bold'
(Font)                  U/euf/m/n --> U/euf/b/n on input line 106.
)) (/Users/ashok/Library/TinyTeX/texmf-dist/tex/latex/lm/lmodern.sty
Package: lmodern 2015/05/01 v1.6.1 Latin Modern Fonts
LaTeX Font Info:    Overwriting symbol font `operators' in version `normal'
(Font)                  OT1/cmr/m/n --> OT1/lmr/m/n on input line 22.
LaTeX Font Info:    Overwriting symbol font `letters' in version `normal'
(Font)                  OML/cmm/m/it --> OML/lmm/m/it on input line 23.
LaTeX Font Info:    Overwriting symbol font `symbols' in version `normal'
(Font)                  OMS/cmsy/m/n --> OMS/lmsy/m/n on input line 24.
LaTeX Font Info:    Overwriting symbol font `largesymbols' in version `normal'
(Font)                  OMX/cmex/m/n --> OMX/lmex/m/n on input line 25.
LaTeX Font Info:    Overwriting symbol font `operators' in version `bold'
(Font)                  OT1/cmr/bx/n --> OT1/lmr/bx/n on input line 26.
LaTeX Font Info:    Overwriting symbol font `letters' in version `bold'
(Font)                  OML/cmm/b/it --> OML/lmm/b/it on input line 27.
LaTeX Font Info:    Overwriting symbol font `symbols' in version `bold'
(Font)                  OMS/cmsy/b/n --> OMS/lmsy/b/n on input line 28.
LaTeX Font Info:    Overwriting symbol font `largesymbols' in version `bold'
(Font)                  OMX/cmex/m/n --> OMX/lmex/m/n on input line 29.
LaTeX Font Info:    Overwriting math alphabet `\mathbf' in version `normal'
(Font)                  OT1/cmr/bx/n --> OT1/lmr/bx/n on input line 31.
LaTeX Font Info:    Overwriting math alphabet `\mathsf' in version `normal'
(Font)                  OT1/cmss/m/n --> OT1/lmss/m/n on input line 32.
LaTeX Font Info:    Overwriting math alphabet `\mathit' in version `normal'
(Font)                  OT1/cmr/m/it --> OT1/lmr/m/it on input line 33.
LaTeX Font Info:    Overwriting math alphabet `\mathtt' in version `normal'
(Font)                  OT1/cmtt/m/n --> OT1/lmtt/m/n on input line 34.
LaTeX Font Info:    Overwriting math alphabet `\mathbf' in version `bold'
(Font)                  OT1/cmr/bx/n --> OT1/lmr/bx/n on input line 35.
LaTeX Font Info:    Overwriting math alphabet `\mathsf' in version `bold'
(Font)                  OT1/cmss/bx/n --> OT1/lmss/bx/n on input line 36.
LaTeX Font Info:    Overwriting math alphabet `\mathit' in version `bold'
(Font)                  OT1/cmr/bx/it --> OT1/lmr/bx/it on input line 37.
LaTeX Font Info:    Overwriting math alphabet `\mathtt' in version `bold'
(Font)                  OT1/cmtt/m/n --> OT1/lmtt/m/n on input line 38.
) (/Users/ashok/Library/TinyTeX/texmf-dist/tex/generic/iftex/iftex.sty
Package: iftex 2020/03/06 v1.0d TeX engine tests
) (/Users/ashok/Library/TinyTeX/texmf-dist/tex/latex/base/fontenc.sty
Package: fontenc 2021/04/29 v2.0v Standard LaTeX package
LaTeX Font Info:    Trying to load font information for T1+lmr on input line 11
2.
(/Users/ashok/Library/TinyTeX/texmf-dist/tex/latex/lm/t1lmr.fd
File: t1lmr.fd 2015/05/01 v1.6.1 Font defs for Latin Modern
)) (/Users/ashok/Library/TinyTeX/texmf-dist/tex/latex/base/inputenc.sty
Package: inputenc 2021/02/14 v1.3d Input encoding file
\inpenc@prehook=\toks21
\inpenc@posthook=\toks22
) (/Users/ashok/Library/TinyTeX/texmf-dist/tex/latex/base/textcomp.sty
Package: textcomp 2020/02/02 v2.0n Standard LaTeX package
) (/Users/ashok/Library/TinyTeX/texmf-dist/tex/latex/xcolor/xcolor.sty
Package: xcolor 2021/10/31 v2.13 LaTeX color extensions (UK)
(/Users/ashok/Library/TinyTeX/texmf-dist/tex/latex/graphics-cfg/color.cfg
File: color.cfg 2016/01/02 v1.6 sample color configuration
)
Package xcolor Info: Driver file: pdftex.def on input line 227.
(/Users/ashok/Library/TinyTeX/texmf-dist/tex/latex/graphics-def/pdftex.def
File: pdftex.def 2020/10/05 v1.2a Graphics/color driver for pdftex
)
Package xcolor Info: Model `cmy' substituted by `cmy0' on input line 1352.
Package xcolor Info: Model `hsb' substituted by `rgb' on input line 1356.
Package xcolor Info: Model `RGB' extended on input line 1368.
Package xcolor Info: Model `HTML' substituted by `rgb' on input line 1370.
Package xcolor Info: Model `Hsb' substituted by `hsb' on input line 1371.
Package xcolor Info: Model `tHsb' substituted by `hsb' on input line 1372.
Package xcolor Info: Model `HSB' substituted by `hsb' on input line 1373.
Package xcolor Info: Model `Gray' substituted by `gray' on input line 1374.
Package xcolor Info: Model `wave' substituted by `hsb' on input line 1375.
(/Users/ashok/Library/TinyTeX/texmf-dist/tex/latex/graphics/dvipsnam.def
File: dvipsnam.def 2016/06/17 v3.0m Driver-dependent file (DPC,SPQR)
) (/Users/ashok/Library/TinyTeX/texmf-dist/tex/latex/xcolor/svgnam.def
File: svgnam.def 2021/10/31 v2.13 Predefined colors according to SVG 1.1 (UK)
) (/Users/ashok/Library/TinyTeX/texmf-dist/tex/latex/xcolor/x11nam.def
File: x11nam.def 2021/10/31 v2.13 Predefined colors according to Unix/X11 (UK)
)) (/Users/ashok/Library/TinyTeX/texmf-dist/tex/latex/hyperref/hyperref.sty
Package: hyperref 2021-06-07 v7.00m Hypertext links for LaTeX
(/Users/ashok/Library/TinyTeX/texmf-dist/tex/generic/ltxcmds/ltxcmds.sty
Package: ltxcmds 2020-05-10 v1.25 LaTeX kernel commands for general use (HO)
) (/Users/ashok/Library/TinyTeX/texmf-dist/tex/generic/pdftexcmds/pdftexcmds.st
y
Package: pdftexcmds 2020-06-27 v0.33 Utility functions of pdfTeX for LuaTeX (HO
)
(/Users/ashok/Library/TinyTeX/texmf-dist/tex/generic/infwarerr/infwarerr.sty
Package: infwarerr 2019/12/03 v1.5 Providing info/warning/error messages (HO)
)
Package pdftexcmds Info: \pdf@primitive is available.
Package pdftexcmds Info: \pdf@ifprimitive is available.
Package pdftexcmds Info: \pdfdraftmode found.
) (/Users/ashok/Library/TinyTeX/texmf-dist/tex/latex/graphics/keyval.sty
Package: keyval 2014/10/28 v1.15 key=value parser (DPC)
\KV@toks@=\toks23
) (/Users/ashok/Library/TinyTeX/texmf-dist/tex/generic/kvsetkeys/kvsetkeys.sty
Package: kvsetkeys 2019/12/15 v1.18 Key value parser (HO)
)
(/Users/ashok/Library/TinyTeX/texmf-dist/tex/generic/kvdefinekeys/kvdefinekeys.
sty
Package: kvdefinekeys 2019-12-19 v1.6 Define keys (HO)
) (/Users/ashok/Library/TinyTeX/texmf-dist/tex/generic/pdfescape/pdfescape.sty
Package: pdfescape 2019/12/09 v1.15 Implements pdfTeX's escape features (HO)
) (/Users/ashok/Library/TinyTeX/texmf-dist/tex/latex/hycolor/hycolor.sty
Package: hycolor 2020-01-27 v1.10 Color options for hyperref/bookmark (HO)
) (/Users/ashok/Library/TinyTeX/texmf-dist/tex/latex/letltxmacro/letltxmacro.st
y
Package: letltxmacro 2019/12/03 v1.6 Let assignment for LaTeX macros (HO)
) (/Users/ashok/Library/TinyTeX/texmf-dist/tex/latex/auxhook/auxhook.sty
Package: auxhook 2019-12-17 v1.6 Hooks for auxiliary files (HO)
) (/Users/ashok/Library/TinyTeX/texmf-dist/tex/latex/kvoptions/kvoptions.sty
Package: kvoptions 2020-10-07 v3.14 Key value format for package options (HO)
)
\@linkdim=\dimen148
\Hy@linkcounter=\count269
\Hy@pagecounter=\count270
(/Users/ashok/Library/TinyTeX/texmf-dist/tex/latex/hyperref/pd1enc.def
File: pd1enc.def 2021-06-07 v7.00m Hyperref: PDFDocEncoding definition (HO)
Now handling font encoding PD1 ...
... no UTF-8 mapping file for font encoding PD1
)
(/Users/ashok/Library/TinyTeX/texmf-dist/tex/latex/hyperref/hyperref-langpatche
s.def
File: hyperref-langpatches.def 2021-06-07 v7.00m Hyperref: patches for babel la
nguages
) (/Users/ashok/Library/TinyTeX/texmf-dist/tex/generic/intcalc/intcalc.sty
Package: intcalc 2019/12/15 v1.3 Expandable calculations with integers (HO)
) (/Users/ashok/Library/TinyTeX/texmf-dist/tex/generic/etexcmds/etexcmds.sty
Package: etexcmds 2019/12/15 v1.7 Avoid name clashes with e-TeX commands (HO)
)
\Hy@SavedSpaceFactor=\count271
(/Users/ashok/Library/TinyTeX/texmf-dist/tex/latex/hyperref/puenc.def
File: puenc.def 2021-06-07 v7.00m Hyperref: PDF Unicode definition (HO)
Now handling font encoding PU ...
... no UTF-8 mapping file for font encoding PU
)
Package hyperref Info: Option `unicode' set `true' on input line 4073.
Package hyperref Info: Hyper figures OFF on input line 4192.
Package hyperref Info: Link nesting OFF on input line 4197.
Package hyperref Info: Hyper index ON on input line 4200.
Package hyperref Info: Plain pages OFF on input line 4207.
Package hyperref Info: Backreferencing OFF on input line 4212.
Package hyperref Info: Implicit mode ON; LaTeX internals redefined.
Package hyperref Info: Bookmarks ON on input line 4445.
\c@Hy@tempcnt=\count272
(/Users/ashok/Library/TinyTeX/texmf-dist/tex/latex/url/url.sty
\Urlmuskip=\muskip17
Package: url 2013/09/16  ver 3.4  Verb mode for urls, etc.
)
LaTeX Info: Redefining \url on input line 4804.
\XeTeXLinkMargin=\dimen149
(/Users/ashok/Library/TinyTeX/texmf-dist/tex/generic/bitset/bitset.sty
Package: bitset 2019/12/09 v1.3 Handle bit-vector datatype (HO)
(/Users/ashok/Library/TinyTeX/texmf-dist/tex/generic/bigintcalc/bigintcalc.sty
Package: bigintcalc 2019/12/15 v1.5 Expandable calculations on big integers (HO
)
))
\Fld@menulength=\count273
\Field@Width=\dimen150
\Fld@charsize=\dimen151
Package hyperref Info: Hyper figures OFF on input line 6076.
Package hyperref Info: Link nesting OFF on input line 6081.
Package hyperref Info: Hyper index ON on input line 6084.
Package hyperref Info: backreferencing OFF on input line 6091.
Package hyperref Info: Link coloring OFF on input line 6096.
Package hyperref Info: Link coloring with OCG OFF on input line 6101.
Package hyperref Info: PDF/A mode OFF on input line 6106.
LaTeX Info: Redefining \ref on input line 6146.
LaTeX Info: Redefining \pageref on input line 6150.
(/Users/ashok/Library/TinyTeX/texmf-dist/tex/latex/base/atbegshi-ltx.sty
Package: atbegshi-ltx 2021/01/10 v1.0c Emulation of the original atbegshi
package with kernel methods
)
\Hy@abspage=\count274
\c@Item=\count275
\c@Hfootnote=\count276
)
Package hyperref Info: Driver (autodetected): hpdftex.
(/Users/ashok/Library/TinyTeX/texmf-dist/tex/latex/hyperref/hpdftex.def
File: hpdftex.def 2021-06-07 v7.00m Hyperref driver for pdfTeX
(/Users/ashok/Library/TinyTeX/texmf-dist/tex/latex/base/atveryend-ltx.sty
Package: atveryend-ltx 2020/08/19 v1.0a Emulation of the original atveryend pac
kage
with kernel methods
)
\Fld@listcount=\count277
\c@bookmark@seq@number=\count278

(/Users/ashok/Library/TinyTeX/texmf-dist/tex/latex/rerunfilecheck/rerunfilechec
k.sty
Package: rerunfilecheck 2019/12/05 v1.9 Rerun checks for auxiliary files (HO)

(/Users/ashok/Library/TinyTeX/texmf-dist/tex/generic/uniquecounter/uniquecounte
r.sty
Package: uniquecounter 2019/12/15 v1.4 Provide unlimited unique counter (HO)
)
Package uniquecounter Info: New unique counter `rerunfilecheck' on input line 2
86.
)
\Hy@SectionHShift=\skip52
)
Package hyperref Info: Option `colorlinks' set `true' on input line 47.
(/Users/ashok/Library/TinyTeX/texmf-dist/tex/latex/geometry/geometry.sty
Package: geometry 2020/01/02 v5.9 Page Geometry
(/Users/ashok/Library/TinyTeX/texmf-dist/tex/generic/iftex/ifvtex.sty
Package: ifvtex 2019/10/25 v1.7 ifvtex legacy package. Use iftex instead.
)
\Gm@cnth=\count279
\Gm@cntv=\count280
\c@Gm@tempcnt=\count281
\Gm@bindingoffset=\dimen152
\Gm@wd@mp=\dimen153
\Gm@odd@mp=\dimen154
\Gm@even@mp=\dimen155
\Gm@layoutwidth=\dimen156
\Gm@layoutheight=\dimen157
\Gm@layouthoffset=\dimen158
\Gm@layoutvoffset=\dimen159
\Gm@dimlist=\toks24
) (/Users/ashok/Library/TinyTeX/texmf-dist/tex/latex/fancyvrb/fancyvrb.sty
Package: fancyvrb 2021/11/24\nobreakspace {} 4.1a\nobreakspace {}verbatim text 
(tvz,hv)
\FV@CodeLineNo=\count282
\FV@InFile=\read2
\FV@TabBox=\box52
\c@FancyVerbLine=\count283
\FV@StepNumber=\count284
\FV@OutFile=\write3
) (/Users/ashok/Library/TinyTeX/texmf-dist/tex/latex/framed/framed.sty
Package: framed 2011/10/22 v 0.96: framed or shaded text with page breaks
\OuterFrameSep=\skip53
\fb@frw=\dimen160
\fb@frh=\dimen161
\FrameRule=\dimen162
\FrameSep=\dimen163
) (/Users/ashok/Library/TinyTeX/texmf-dist/tex/latex/graphics/graphicx.sty
Package: graphicx 2021/09/16 v1.2d Enhanced LaTeX Graphics (DPC,SPQR)
(/Users/ashok/Library/TinyTeX/texmf-dist/tex/latex/graphics/graphics.sty
Package: graphics 2021/03/04 v1.4d Standard LaTeX Graphics (DPC,SPQR)
(/Users/ashok/Library/TinyTeX/texmf-dist/tex/latex/graphics/trig.sty
Package: trig 2021/08/11 v1.11 sin cos tan (DPC)
) (/Users/ashok/Library/TinyTeX/texmf-dist/tex/latex/graphics-cfg/graphics.cfg
File: graphics.cfg 2016/06/04 v1.11 sample graphics configuration
)
Package graphics Info: Driver file: pdftex.def on input line 107.
)
\Gin@req@height=\dimen164
\Gin@req@width=\dimen165
)
\cslhangindent=\skip54
\csllabelwidth=\skip55
\cslentryspacingunit=\skip56
(/Users/ashok/Library/TinyTeX/texmf-dist/tex/latex/tools/calc.sty
Package: calc 2017/05/25 v4.3 Infix arithmetic (KKT,FJ)
\calc@Acount=\count285
\calc@Bcount=\count286
\calc@Adimen=\dimen166
\calc@Bdimen=\dimen167
\calc@Askip=\skip57
\calc@Bskip=\skip58
LaTeX Info: Redefining \setlength on input line 80.
LaTeX Info: Redefining \addtolength on input line 81.
\calc@Ccount=\count287
\calc@Cskip=\skip59
) (/Users/ashok/Library/TinyTeX/texmf-dist/tex/latex/listings/listings.sty
\lst@mode=\count288
\lst@gtempboxa=\box53
\lst@token=\toks25
\lst@length=\count289
\lst@currlwidth=\dimen168
\lst@column=\count290
\lst@pos=\count291
\lst@lostspace=\dimen169
\lst@width=\dimen170
\lst@newlines=\count292
\lst@lineno=\count293
\lst@maxwidth=\dimen171
(/Users/ashok/Library/TinyTeX/texmf-dist/tex/latex/listings/lstmisc.sty
File: lstmisc.sty 2020/03/24 1.8d (Carsten Heinz)
\c@lstnumber=\count294
\lst@skipnumbers=\count295
\lst@framebox=\box54
) (/Users/ashok/Library/TinyTeX/texmf-dist/tex/latex/listings/listings.cfg
File: listings.cfg 2020/03/24 1.8d listings configuration
))
Package: listings 2020/03/24 1.8d (Carsten Heinz)

(/Users/ashok/Library/TinyTeX/texmf-dist/tex/latex/l3backend/l3backend-pdftex.d
ef
File: l3backend-pdftex.def 2021-10-18 L3 backend support: PDF output (pdfTeX)
\l__color_backend_stack_int=\count296
\l__pdf_internal_box=\box55
)
No file bda_project.aux.
\openout1 = `bda_project.aux'.

LaTeX Font Info:    Checking defaults for OML/cmm/m/it on input line 139.
LaTeX Font Info:    ... okay on input line 139.
LaTeX Font Info:    Checking defaults for OMS/cmsy/m/n on input line 139.
LaTeX Font Info:    ... okay on input line 139.
LaTeX Font Info:    Checking defaults for OT1/cmr/m/n on input line 139.
LaTeX Font Info:    ... okay on input line 139.
LaTeX Font Info:    Checking defaults for T1/cmr/m/n on input line 139.
LaTeX Font Info:    ... okay on input line 139.
LaTeX Font Info:    Checking defaults for TS1/cmr/m/n on input line 139.
LaTeX Font Info:    ... okay on input line 139.
LaTeX Font Info:    Checking defaults for OMX/cmex/m/n on input line 139.
LaTeX Font Info:    ... okay on input line 139.
LaTeX Font Info:    Checking defaults for U/cmr/m/n on input line 139.
LaTeX Font Info:    ... okay on input line 139.
LaTeX Font Info:    Checking defaults for PD1/pdf/m/n on input line 139.
LaTeX Font Info:    ... okay on input line 139.
LaTeX Font Info:    Checking defaults for PU/pdf/m/n on input line 139.
LaTeX Font Info:    ... okay on input line 139.

(/Users/ashok/Library/TinyTeX/texmf-dist/tex/latex/epstopdf-pkg/epstopdf-base.s
ty
Package: epstopdf-base 2020-01-24 v2.11 Base part for package epstopdf
Package epstopdf-base Info: Redefining graphics rule for `.eps' on input line 4
85.

(/Users/ashok/Library/TinyTeX/texmf-dist/tex/latex/latexconfig/epstopdf-sys.cfg
File: epstopdf-sys.cfg 2010/07/13 v1.3 Configuration of (r)epstopdf for TeX Liv
e
))
Package hyperref Info: Link coloring ON on input line 139.
(/Users/ashok/Library/TinyTeX/texmf-dist/tex/latex/hyperref/nameref.sty
Package: nameref 2021-04-02 v2.47 Cross-referencing by name of section
(/Users/ashok/Library/TinyTeX/texmf-dist/tex/latex/refcount/refcount.sty
Package: refcount 2019/12/15 v3.6 Data extraction from label references (HO)
)
(/Users/ashok/Library/TinyTeX/texmf-dist/tex/generic/gettitlestring/gettitlestr
ing.sty
Package: gettitlestring 2019/12/15 v1.6 Cleanup title references (HO)
)
\c@section@level=\count297
)
LaTeX Info: Redefining \ref on input line 139.
LaTeX Info: Redefining \pageref on input line 139.
LaTeX Info: Redefining \nameref on input line 139.
\@outlinefile=\write4
\openout4 = `bda_project.out'.

*geometry* driver: auto-detecting
*geometry* detected driver: pdftex
*geometry* verbose mode - [ preamble ] result:
* driver: pdftex
* paper: <default>
* layout: <same size as paper>
* layoutoffset:(h,v)=(0.0pt,0.0pt)
* modes: 
* h-part:(L,W,R)=(72.26999pt, 469.75502pt, 72.26999pt)
* v-part:(T,H,B)=(72.26999pt, 650.43001pt, 72.26999pt)
* \paperwidth=614.295pt
* \paperheight=794.96999pt
* \textwidth=469.75502pt
* \textheight=650.43001pt
* \oddsidemargin=0.0pt
* \evensidemargin=0.0pt
* \topmargin=-37.0pt
* \headheight=12.0pt
* \headsep=25.0pt
* \topskip=10.0pt
* \footskip=30.0pt
* \marginparwidth=65.0pt
* \marginparsep=11.0pt
* \columnsep=10.0pt
* \skip\footins=9.0pt plus 4.0pt minus 2.0pt
* \hoffset=0.0pt
* \voffset=0.0pt
* \mag=1000
* \@twocolumnfalse
* \@twosidefalse
* \@mparswitchfalse
* \@reversemarginfalse
* (1in=72.27pt=25.4mm, 1cm=28.453pt)

\c@lstlisting=\count298
LaTeX Font Info:    Trying to load font information for OT1+lmr on input line 1
41.
(/Users/ashok/Library/TinyTeX/texmf-dist/tex/latex/lm/ot1lmr.fd
File: ot1lmr.fd 2015/05/01 v1.6.1 Font defs for Latin Modern
)
LaTeX Font Info:    Trying to load font information for OML+lmm on input line 1
41.
(/Users/ashok/Library/TinyTeX/texmf-dist/tex/latex/lm/omllmm.fd
File: omllmm.fd 2015/05/01 v1.6.1 Font defs for Latin Modern
)
LaTeX Font Info:    Trying to load font information for OMS+lmsy on input line 
141.
(/Users/ashok/Library/TinyTeX/texmf-dist/tex/latex/lm/omslmsy.fd
File: omslmsy.fd 2015/05/01 v1.6.1 Font defs for Latin Modern
)
LaTeX Font Info:    Trying to load font information for OMX+lmex on input line 
141.
(/Users/ashok/Library/TinyTeX/texmf-dist/tex/latex/lm/omxlmex.fd
File: omxlmex.fd 2015/05/01 v1.6.1 Font defs for Latin Modern
)
LaTeX Font Info:    External font `lmex10' loaded for size
(Font)              <12> on input line 141.
LaTeX Font Info:    External font `lmex10' loaded for size
(Font)              <8> on input line 141.
LaTeX Font Info:    External font `lmex10' loaded for size
(Font)              <6> on input line 141.
LaTeX Font Info:    Trying to load font information for U+msa on input line 141
.
(/Users/ashok/Library/TinyTeX/texmf-dist/tex/latex/amsfonts/umsa.fd
File: umsa.fd 2013/01/14 v3.01 AMS symbols A
)
LaTeX Font Info:    Trying to load font information for U+msb on input line 141
.
(/Users/ashok/Library/TinyTeX/texmf-dist/tex/latex/amsfonts/umsb.fd
File: umsb.fd 2013/01/14 v3.01 AMS symbols B
)
\tf@toc=\write5
\openout5 = `bda_project.toc'.

LaTeX Font Info:    Trying to load font information for T1+lmtt on input line 1
70.
(/Users/ashok/Library/TinyTeX/texmf-dist/tex/latex/lm/t1lmtt.fd
File: t1lmtt.fd 2015/05/01 v1.6.1 Font defs for Latin Modern
)
<./image/share-people-fully-vaccinated-covid_world.png, id=4, 3412.75pt x 2409.
0pt>
File: ./image/share-people-fully-vaccinated-covid_world.png Graphic file (type 
png)
<use ./image/share-people-fully-vaccinated-covid_world.png>
Package pdftex.def Info: ./image/share-people-fully-vaccinated-covid_world.png 
 used on input line 175.
(pdftex.def)             Requested size: 469.71024pt x 331.56017pt.
[1

{/Users/ashok/Library/TinyTeX/texmf-var/fonts/map/pdftex/updmap/pdftex.map}]
<./image/share-people-vaccinated-covid.png, id=19, 3412.75pt x 2409.0pt>
File: ./image/share-people-vaccinated-covid.png Graphic file (type png)
<use ./image/share-people-vaccinated-covid.png>
Package pdftex.def Info: ./image/share-people-vaccinated-covid.png  used on inp
ut line 197.
(pdftex.def)             Requested size: 469.71024pt x 331.56017pt.
[2 <./image/share-people-fully-vaccinated-covid_world.png>]
<./image/share-people-fully-vaccinated-covid_bar.png, id=25, 3412.75pt x 2409.0
pt>
File: ./image/share-people-fully-vaccinated-covid_bar.png Graphic file (type pn
g)
<use ./image/share-people-fully-vaccinated-covid_bar.png>
Package pdftex.def Info: ./image/share-people-fully-vaccinated-covid_bar.png  u
sed on input line 208.
(pdftex.def)             Requested size: 469.71024pt x 331.56017pt.
[3 <./image/share-people-vaccinated-covid.png>]
<./image/share-people-fully-vaccinated-covid_plot.png, id=31, 3412.75pt x 2409.
0pt>
File: ./image/share-people-fully-vaccinated-covid_plot.png Graphic file (type p
ng)
<use ./image/share-people-fully-vaccinated-covid_plot.png>
Package pdftex.def Info: ./image/share-people-fully-vaccinated-covid_plot.png  
used on input line 219.
(pdftex.def)             Requested size: 469.71024pt x 331.56017pt.
[4 <./image/share-people-fully-vaccinated-covid_bar.png>]
Underfull \hbox (badness 1062) in paragraph at lines 227--240
\T1/lmr/m/n/10 Datasets down be-low show cu-mu-la-tive covid vac-ci-na-tions ra
te by coun-tries( col-lected from [][]linked
 []

LaTeX Font Info:    Trying to load font information for TS1+lmtt on input line 
243.
(/Users/ashok/Library/TinyTeX/texmf-dist/tex/latex/lm/ts1lmtt.fd
File: ts1lmtt.fd 2015/05/01 v1.6.1 Font defs for Latin Modern
) [5 <./image/share-people-fully-vaccinated-covid_plot.png>]
<bda_project_files/figure-latex/unnamed-chunk-7-1.pdf, id=52, 469.755pt x 325.2
15pt>
File: bda_project_files/figure-latex/unnamed-chunk-7-1.pdf Graphic file (type p
df)
<use bda_project_files/figure-latex/unnamed-chunk-7-1.pdf>
Package pdftex.def Info: bda_project_files/figure-latex/unnamed-chunk-7-1.pdf  
used on input line 313.
(pdftex.def)             Requested size: 469.75386pt x 325.2142pt.
LaTeX Font Info:    External font `lmex10' loaded for size
(Font)              <10> on input line 322.
LaTeX Font Info:    External font `lmex10' loaded for size
(Font)              <7> on input line 322.
LaTeX Font Info:    External font `lmex10' loaded for size
(Font)              <5> on input line 322.
[6 <./bda_project_files/figure-latex/unnamed-chunk-7-1.pdf>] [7] [8]
Underfull \vbox (badness 10000) detected at line 505
 []


Underfull \vbox (badness 10000) detected at line 505
 []

[9]
<bda_project_files/figure-latex/unnamed-chunk-10-1.pdf, id=86, 469.755pt x 325.
215pt>
File: bda_project_files/figure-latex/unnamed-chunk-10-1.pdf Graphic file (type 
pdf)
<use bda_project_files/figure-latex/unnamed-chunk-10-1.pdf>
Package pdftex.def Info: bda_project_files/figure-latex/unnamed-chunk-10-1.pdf 
 used on input line 522.
(pdftex.def)             Requested size: 469.75386pt x 325.2142pt.
[10]
<bda_project_files/figure-latex/unnamed-chunk-11-1.pdf, id=93, 469.755pt x 325.
215pt>
File: bda_project_files/figure-latex/unnamed-chunk-11-1.pdf Graphic file (type 
pdf)
<use bda_project_files/figure-latex/unnamed-chunk-11-1.pdf>
Package pdftex.def Info: bda_project_files/figure-latex/unnamed-chunk-11-1.pdf 
 used on input line 532.
(pdftex.def)             Requested size: 469.75386pt x 325.2142pt.
[11 <./bda_project_files/figure-latex/unnamed-chunk-10-1.pdf>]
<bda_project_files/figure-latex/unnamed-chunk-12-1.pdf, id=104, 469.755pt x 325
.215pt>
File: bda_project_files/figure-latex/unnamed-chunk-12-1.pdf Graphic file (type 
pdf)
<use bda_project_files/figure-latex/unnamed-chunk-12-1.pdf>
Package pdftex.def Info: bda_project_files/figure-latex/unnamed-chunk-12-1.pdf 
 used on input line 542.
(pdftex.def)             Requested size: 469.75386pt x 325.2142pt.
[12 <./bda_project_files/figure-latex/unnamed-chunk-11-1.pdf>] [13 <./bda_proje
ct_files/figure-latex/unnamed-chunk-12-1.pdf>]
<bda_project_files/figure-latex/unnamed-chunk-15-1.pdf, id=131, 469.755pt x 325
.215pt>
File: bda_project_files/figure-latex/unnamed-chunk-15-1.pdf Graphic file (type 
pdf)
<use bda_project_files/figure-latex/unnamed-chunk-15-1.pdf>
Package pdftex.def Info: bda_project_files/figure-latex/unnamed-chunk-15-1.pdf 
 used on input line 654.
(pdftex.def)             Requested size: 469.75386pt x 325.2142pt.
[14]
Overfull \hbox (5530.97754pt too wide) in paragraph at lines 689--689
[]\T1/lmtt/m/n/10 ## clang -mmacosx-version-min=10.13 -I"/Library/Frameworks/R.
framework/Resources/include" -DNDEBUG   -I"/Library/Frameworks/R.framework/Vers
ions/4.1/Resources/library/Rcpp/include/"  -I"/Library/Frameworks/R.framework/V
ersions/4.1/Resources/library/RcppEigen/include/"  -I"/Library/Frameworks/R.fra
mework/Versions/4.1/Resources/library/RcppEigen/include/unsupported"  -I"/Libra
ry/Frameworks/R.framework/Versions/4.1/Resources/library/BH/include" -I"/Librar
y/Frameworks/R.framework/Versions/4.1/Resources/library/StanHeaders/include/src
/"  -I"/Library/Frameworks/R.framework/Versions/4.1/Resources/library/StanHeade
rs/include/"  -I"/Library/Frameworks/R.framework/Versions/4.1/Resources/library
/RcppParallel/include/"  -I"/Library/Frameworks/R.framework/Versions/4.1/Resour
ces/library/rstan/include" -DEIGEN_NO_DEBUG  -DBOOST_DISABLE_ASSERTS  -DBOOST_P
ENDING_INTEGER_LOG2_HPP  -DSTAN_THREADS  -DBOOST_NO_AUTO_PTR  -include '/Librar
y/Frameworks/R.framework/Versions/4.1/Resources/library/StanHeaders/include/sta
n/math/prim/mat/fun/Eigen.hpp'  -D_REENTRANT -DRCPP_PARALLEL_USE_TBB=1   -I/usr
/local/include   -fPIC  -Wall -g -O2  -c foo.c -o foo.o[] 
 []


Overfull \hbox (286.24278pt too wide) in paragraph at lines 689--689
[]\T1/lmtt/m/n/10 ## In file included from /Library/Frameworks/R.framework/Vers
ions/4.1/Resources/library/StanHeaders/include/stan/math/prim/mat/fun/Eigen.hpp
:13:[] 
 []


Overfull \hbox (160.24315pt too wide) in paragraph at lines 689--689
[]\T1/lmtt/m/n/10 ## In file included from /Library/Frameworks/R.framework/Vers
ions/4.1/Resources/library/RcppEigen/include/Eigen/Dense:1:[] 
 []


Overfull \hbox (160.24315pt too wide) in paragraph at lines 689--689
[]\T1/lmtt/m/n/10 ## In file included from /Library/Frameworks/R.framework/Vers
ions/4.1/Resources/library/RcppEigen/include/Eigen/Core:88:[] 
 []


Overfull \hbox (349.2426pt too wide) in paragraph at lines 689--689
[]\T1/lmtt/m/n/10 ## /Library/Frameworks/R.framework/Versions/4.1/Resources/lib
rary/RcppEigen/include/Eigen/src/Core/util/Macros.h:628:1: error: unknown type 
name 'namespace'[] 
 []


Overfull \hbox (406.99243pt too wide) in paragraph at lines 689--689
[]\T1/lmtt/m/n/10 ## /Library/Frameworks/R.framework/Versions/4.1/Resources/lib
rary/RcppEigen/include/Eigen/src/Core/util/Macros.h:628:16: error: expected ';'
 after top level declarator[] 
 []


Overfull \hbox (286.24278pt too wide) in paragraph at lines 689--689
[]\T1/lmtt/m/n/10 ## In file included from /Library/Frameworks/R.framework/Vers
ions/4.1/Resources/library/StanHeaders/include/stan/math/prim/mat/fun/Eigen.hpp
:13:[] 
 []


Overfull \hbox (160.24315pt too wide) in paragraph at lines 689--689
[]\T1/lmtt/m/n/10 ## In file included from /Library/Frameworks/R.framework/Vers
ions/4.1/Resources/library/RcppEigen/include/Eigen/Dense:1:[] 
 []


Overfull \hbox (259.99286pt too wide) in paragraph at lines 689--689
[]\T1/lmtt/m/n/10 ## /Library/Frameworks/R.framework/Versions/4.1/Resources/lib
rary/RcppEigen/include/Eigen/Core:96:10: fatal error: 'complex' file not found[
] 
 []

[15 <./bda_project_files/figure-latex/unnamed-chunk-15-1.pdf>]
<bda_project_files/figure-latex/unnamed-chunk-17-1.pdf, id=148, 469.755pt x 325
.215pt>
File: bda_project_files/figure-latex/unnamed-chunk-17-1.pdf Graphic file (type 
pdf)
<use bda_project_files/figure-latex/unnamed-chunk-17-1.pdf>
Package pdftex.def Info: bda_project_files/figure-latex/unnamed-chunk-17-1.pdf 
 used on input line 739.
(pdftex.def)             Requested size: 469.75386pt x 325.2142pt.
[16] [17 <./bda_project_files/figure-latex/unnamed-chunk-17-1.pdf>] [18]
LaTeX Font Info:    Font shape `T1/lmtt/bx/n' in size <10> not available
(Font)              Font shape `T1/lmtt/b/n' tried instead on input line 881.
[19]
<bda_project_files/figure-latex/unnamed-chunk-26-1.pdf, id=187, 469.755pt x 325
.215pt>
File: bda_project_files/figure-latex/unnamed-chunk-26-1.pdf Graphic file (type 
pdf)
<use bda_project_files/figure-latex/unnamed-chunk-26-1.pdf>
Package pdftex.def Info: bda_project_files/figure-latex/unnamed-chunk-26-1.pdf 
 used on input line 980.
(pdftex.def)             Requested size: 469.75386pt x 325.2142pt.
[20 <./bda_project_files/figure-latex/unnamed-chunk-26-1.pdf>]
<bda_project_files/figure-latex/unnamed-chunk-27-1.pdf, id=201, 469.755pt x 325
.215pt>
File: bda_project_files/figure-latex/unnamed-chunk-27-1.pdf Graphic file (type 
pdf)
<use bda_project_files/figure-latex/unnamed-chunk-27-1.pdf>
Package pdftex.def Info: bda_project_files/figure-latex/unnamed-chunk-27-1.pdf 
 used on input line 995.
(pdftex.def)             Requested size: 469.75386pt x 325.2142pt.

! Package amsmath Error: \hat allowed only in math mode.

See the amsmath package documentation for explanation.
Type  H <return>  for immediate help.
 ...                                              
                                                  
l.1019 the \hat{k}
                  -values are all below 0.5 which are good. Therefore, both 
Here is how much of TeX's memory you used:
 13093 strings out of 480313
 206309 string characters out of 5896619
 523580 words of memory out of 5000000
 30696 multiletter control sequences out of 15000+600000
 456256 words of font info for 72 fonts, out of 8000000 for 9000
 14 hyphenation exceptions out of 8191
 60i,9n,63p,1161b,369s stack positions out of 5000i,500n,10000p,200000b,80000s

!  ==> Fatal error occurred, no output PDF file produced!
